2024-01-11 17:45:35,104 [Worker-4] INFO  o.e.m.c.i.p.ProjectConfigurationManager - Update started
2024-01-11 17:45:38,477 [Worker-4] INFO  o.e.m.c.i.l.LifecycleMappingFactory - Using org.eclipse.m2e.jdt.JarLifecycleMapping lifecycle mapping for MavenProject: com.ts:product:0.0.1-SNAPSHOT @ C:\fsd56\Springboot\product\pom.xml.
2024-01-11 17:45:41,650 [Worker-4] INFO  o.e.m.j.i.AbstractJavaProjectConfigurator - Adding source folder /product/src/main/java
2024-01-11 17:45:41,650 [Worker-4] INFO  o.e.m.j.i.AbstractJavaProjectConfigurator - Adding resource folder /product/src/main/resources
2024-01-11 17:45:41,664 [Worker-4] INFO  o.e.m.j.i.AbstractJavaProjectConfigurator - Adding resource folder /product/src/main/resources
2024-01-11 17:45:41,682 [Worker-4] INFO  o.e.m.j.i.AbstractJavaProjectConfigurator - Adding source folder /product/src/test/java
2024-01-11 17:45:44,585 [Worker-4] INFO  o.e.m.c.i.p.ProjectConfigurationManager - Update completed: 9 sec
2024-01-11 17:45:45,322 [Worker-1] INFO  o.a.m.s.f.DefaultMavenResourcesFiltering - Copying 1 resource from src\main\resources to target\classes
2024-01-11 17:45:45,409 [Worker-1] INFO  o.a.m.s.f.DefaultMavenResourcesFiltering - Copying 0 resource from src\main\resources to target\classes
2024-01-11 17:45:45,434 [Worker-1] INFO  o.a.m.s.f.DefaultMavenResourcesFiltering - skip non existing resourceDirectory C:\fsd56\Springboot\product\src\test\resources
2024-01-11 17:46:19,601 [Worker-0] INFO  o.e.m.c.i.l.LifecycleMappingFactory - Using org.eclipse.m2e.jdt.JarLifecycleMapping lifecycle mapping for MavenProject: com.ts:product:0.0.1-SNAPSHOT @ C:\fsd56\Springboot\product\pom.xml.
2024-01-11 17:46:24,701 [Worker-0] INFO  o.e.m.c.i.embedder.EclipseLogger - Using 'UTF-8' encoding to copy filtered resources.
2024-01-11 17:46:24,701 [Worker-0] INFO  o.e.m.c.i.embedder.EclipseLogger - Using 'UTF-8' encoding to copy filtered properties files.
2024-01-11 17:46:24,704 [Worker-0] INFO  o.e.m.c.i.embedder.EclipseLogger - Copying 0 resource
2024-01-11 17:46:24,704 [Worker-0] INFO  o.e.m.c.i.embedder.EclipseLogger - Copying 0 resource
2024-01-11 17:46:24,706 [Worker-0] INFO  o.e.m.c.i.embedder.EclipseLogger - Using 'UTF-8' encoding to copy filtered resources.
2024-01-11 17:46:24,706 [Worker-0] INFO  o.e.m.c.i.embedder.EclipseLogger - Using 'UTF-8' encoding to copy filtered properties files.
2024-01-11 17:46:24,706 [Worker-0] INFO  o.e.m.c.i.embedder.EclipseLogger - skip non existing resourceDirectory C:\fsd56\Springboot\product\src\test\resources
2024-01-11 17:46:26,410 [Worker-11] INFO  o.e.m.c.i.embedder.EclipseLogger - Using 'UTF-8' encoding to copy filtered resources.
2024-01-11 17:46:26,410 [Worker-11] INFO  o.e.m.c.i.embedder.EclipseLogger - Using 'UTF-8' encoding to copy filtered properties files.
2024-01-11 17:46:26,418 [Worker-11] INFO  o.e.m.c.i.embedder.EclipseLogger - Copying 1 resource
2024-01-11 17:46:26,427 [Worker-11] INFO  o.e.m.c.i.embedder.EclipseLogger - Copying 0 resource
2024-01-11 17:46:26,428 [Worker-11] INFO  o.e.m.c.i.embedder.EclipseLogger - Using 'UTF-8' encoding to copy filtered resources.
2024-01-11 17:46:26,429 [Worker-11] INFO  o.e.m.c.i.embedder.EclipseLogger - Using 'UTF-8' encoding to copy filtered properties files.
2024-01-11 17:46:26,429 [Worker-11] INFO  o.e.m.c.i.embedder.EclipseLogger - skip non existing resourceDirectory C:\fsd56\Springboot\product\src\test\resources
2024-01-11 17:46:44,246 [Worker-1] INFO  o.e.m.c.i.p.ProjectConfigurationManager - Update started
2024-01-11 17:46:45,285 [Worker-1] INFO  o.e.m.c.i.l.LifecycleMappingFactory - Using org.eclipse.m2e.jdt.JarLifecycleMapping lifecycle mapping for MavenProject: com.ts:product:0.0.1-SNAPSHOT @ C:\fsd56\Springboot\product\pom.xml.
2024-01-11 17:46:46,684 [Worker-1] INFO  o.e.m.j.i.AbstractJavaProjectConfigurator - Adding source folder /product/src/main/java
2024-01-11 17:46:46,685 [Worker-1] INFO  o.e.m.j.i.AbstractJavaProjectConfigurator - Adding resource folder /product/src/main/resources
2024-01-11 17:46:46,685 [Worker-1] INFO  o.e.m.j.i.AbstractJavaProjectConfigurator - Adding resource folder /product/src/main/resources
2024-01-11 17:46:46,685 [Worker-1] INFO  o.e.m.j.i.AbstractJavaProjectConfigurator - Adding source folder /product/src/test/java
2024-01-11 17:46:46,994 [Worker-1] INFO  o.e.m.c.i.p.ProjectConfigurationManager - Update completed: 2 sec
2024-01-11 17:46:47,550 [Worker-4] INFO  o.e.m.c.i.embedder.EclipseLogger - Using 'UTF-8' encoding to copy filtered resources.
2024-01-11 17:46:47,550 [Worker-4] INFO  o.e.m.c.i.embedder.EclipseLogger - Using 'UTF-8' encoding to copy filtered properties files.
2024-01-11 17:46:47,551 [Worker-4] INFO  o.e.m.c.i.embedder.EclipseLogger - Copying 1 resource
2024-01-11 17:46:47,567 [Worker-4] INFO  o.e.m.c.i.embedder.EclipseLogger - Copying 0 resource
2024-01-11 17:46:47,569 [Worker-4] INFO  o.e.m.c.i.embedder.EclipseLogger - Using 'UTF-8' encoding to copy filtered resources.
2024-01-11 17:46:47,569 [Worker-4] INFO  o.e.m.c.i.embedder.EclipseLogger - Using 'UTF-8' encoding to copy filtered properties files.
2024-01-11 17:46:47,570 [Worker-4] INFO  o.e.m.c.i.embedder.EclipseLogger - skip non existing resourceDirectory C:\fsd56\Springboot\product\src\test\resources
2024-01-17 14:51:28,896 [Worker-21] INFO  o.e.m.c.i.embedder.EclipseLogger - Using 'UTF-8' encoding to copy filtered resources.
2024-01-17 14:51:28,903 [Worker-21] INFO  o.e.m.c.i.embedder.EclipseLogger - Using 'UTF-8' encoding to copy filtered properties files.
2024-01-17 14:51:28,907 [Worker-21] INFO  o.e.m.c.i.embedder.EclipseLogger - Copying 1 resource
2024-01-17 14:51:28,930 [Worker-21] INFO  o.e.m.c.i.embedder.EclipseLogger - Copying 0 resource
2024-01-17 14:51:28,933 [Worker-21] INFO  o.e.m.c.i.embedder.EclipseLogger - Using 'UTF-8' encoding to copy filtered resources.
2024-01-17 14:51:28,933 [Worker-21] INFO  o.e.m.c.i.embedder.EclipseLogger - Using 'UTF-8' encoding to copy filtered properties files.
2024-01-17 14:51:28,933 [Worker-21] INFO  o.e.m.c.i.embedder.EclipseLogger - skip non existing resourceDirectory C:\fsd56\Springboot\product\src\test\resources
2024-01-17 14:54:29,511 [Worker-25] INFO  o.e.m.c.i.embedder.EclipseLogger - Using 'UTF-8' encoding to copy filtered resources.
2024-01-17 14:54:29,511 [Worker-25] INFO  o.e.m.c.i.embedder.EclipseLogger - Using 'UTF-8' encoding to copy filtered properties files.
2024-01-17 14:54:29,516 [Worker-25] INFO  o.e.m.c.i.embedder.EclipseLogger - Copying 1 resource
2024-01-17 14:54:29,524 [Worker-25] INFO  o.e.m.c.i.embedder.EclipseLogger - Copying 0 resource
2024-01-17 14:54:29,525 [Worker-25] INFO  o.e.m.c.i.embedder.EclipseLogger - Using 'UTF-8' encoding to copy filtered resources.
2024-01-17 14:54:29,525 [Worker-25] INFO  o.e.m.c.i.embedder.EclipseLogger - Using 'UTF-8' encoding to copy filtered properties files.
2024-01-17 14:54:29,526 [Worker-25] INFO  o.e.m.c.i.embedder.EclipseLogger - skip non existing resourceDirectory C:\fsd56\Springboot\product\src\test\resources
2024-01-17 15:00:11,035 [Worker-20] INFO  o.e.m.c.i.embedder.EclipseLogger - Using 'UTF-8' encoding to copy filtered resources.
2024-01-17 15:00:11,035 [Worker-20] INFO  o.e.m.c.i.embedder.EclipseLogger - Using 'UTF-8' encoding to copy filtered properties files.
2024-01-17 15:00:11,036 [Worker-20] INFO  o.e.m.c.i.embedder.EclipseLogger - Copying 1 resource
2024-01-17 15:00:11,059 [Worker-20] INFO  o.e.m.c.i.embedder.EclipseLogger - Copying 0 resource
2024-01-17 15:00:11,063 [Worker-20] INFO  o.e.m.c.i.embedder.EclipseLogger - Using 'UTF-8' encoding to copy filtered resources.
2024-01-17 15:00:11,063 [Worker-20] INFO  o.e.m.c.i.embedder.EclipseLogger - Using 'UTF-8' encoding to copy filtered properties files.
2024-01-17 15:00:11,063 [Worker-20] INFO  o.e.m.c.i.embedder.EclipseLogger - skip non existing resourceDirectory C:\fsd56\Springboot\product\src\test\resources
2024-01-17 15:03:53,895 [Worker-30] INFO  o.e.m.c.i.embedder.EclipseLogger - Using 'UTF-8' encoding to copy filtered resources.
2024-01-17 15:03:53,896 [Worker-30] INFO  o.e.m.c.i.embedder.EclipseLogger - Using 'UTF-8' encoding to copy filtered properties files.
2024-01-17 15:03:53,897 [Worker-30] INFO  o.e.m.c.i.embedder.EclipseLogger - Copying 1 resource
2024-01-17 15:03:53,918 [Worker-30] INFO  o.e.m.c.i.embedder.EclipseLogger - Copying 0 resource
2024-01-17 15:03:53,921 [Worker-30] INFO  o.e.m.c.i.embedder.EclipseLogger - Using 'UTF-8' encoding to copy filtered resources.
2024-01-17 15:03:53,921 [Worker-30] INFO  o.e.m.c.i.embedder.EclipseLogger - Using 'UTF-8' encoding to copy filtered properties files.
2024-01-17 15:03:53,921 [Worker-30] INFO  o.e.m.c.i.embedder.EclipseLogger - skip non existing resourceDirectory C:\fsd56\Springboot\product\src\test\resources
2024-01-17 15:03:58,812 [Worker-20] INFO  o.e.m.c.i.embedder.EclipseLogger - Using 'UTF-8' encoding to copy filtered resources.
2024-01-17 15:03:58,812 [Worker-20] INFO  o.e.m.c.i.embedder.EclipseLogger - Using 'UTF-8' encoding to copy filtered properties files.
2024-01-17 15:03:58,813 [Worker-20] INFO  o.e.m.c.i.embedder.EclipseLogger - Copying 1 resource
2024-01-17 15:03:58,821 [Worker-20] INFO  o.e.m.c.i.embedder.EclipseLogger - Copying 0 resource
2024-01-17 15:03:58,823 [Worker-20] INFO  o.e.m.c.i.embedder.EclipseLogger - Using 'UTF-8' encoding to copy filtered resources.
2024-01-17 15:03:58,823 [Worker-20] INFO  o.e.m.c.i.embedder.EclipseLogger - Using 'UTF-8' encoding to copy filtered properties files.
2024-01-17 15:03:58,824 [Worker-20] INFO  o.e.m.c.i.embedder.EclipseLogger - skip non existing resourceDirectory C:\fsd56\Springboot\product\src\test\resources
2024-01-17 15:10:06,624 [Worker-33] INFO  o.e.m.c.i.l.LifecycleMappingFactory - Using org.eclipse.m2e.jdt.JarLifecycleMapping lifecycle mapping for MavenProject: com.ts:product:0.0.1-SNAPSHOT @ C:\fsd56\Springboot\product\pom.xml.
2024-01-17 15:10:11,102 [Worker-33] INFO  o.e.m.c.i.embedder.EclipseLogger - Using 'UTF-8' encoding to copy filtered resources.
2024-01-17 15:10:11,102 [Worker-33] INFO  o.e.m.c.i.embedder.EclipseLogger - Using 'UTF-8' encoding to copy filtered properties files.
2024-01-17 15:10:11,104 [Worker-33] INFO  o.e.m.c.i.embedder.EclipseLogger - Copying 0 resource
2024-01-17 15:10:11,104 [Worker-33] INFO  o.e.m.c.i.embedder.EclipseLogger - Copying 0 resource
2024-01-17 15:10:11,106 [Worker-33] INFO  o.e.m.c.i.embedder.EclipseLogger - Using 'UTF-8' encoding to copy filtered resources.
2024-01-17 15:10:11,107 [Worker-33] INFO  o.e.m.c.i.embedder.EclipseLogger - Using 'UTF-8' encoding to copy filtered properties files.
2024-01-17 15:10:11,107 [Worker-33] INFO  o.e.m.c.i.embedder.EclipseLogger - skip non existing resourceDirectory C:\fsd56\Springboot\product\src\test\resources
2024-01-17 15:10:12,617 [Worker-23] INFO  o.e.m.c.i.embedder.EclipseLogger - Using 'UTF-8' encoding to copy filtered resources.
2024-01-17 15:10:12,617 [Worker-23] INFO  o.e.m.c.i.embedder.EclipseLogger - Using 'UTF-8' encoding to copy filtered properties files.
2024-01-17 15:10:12,619 [Worker-23] INFO  o.e.m.c.i.embedder.EclipseLogger - Copying 1 resource
2024-01-17 15:10:12,634 [Worker-23] INFO  o.e.m.c.i.embedder.EclipseLogger - Copying 0 resource
2024-01-17 15:10:12,635 [Worker-23] INFO  o.e.m.c.i.embedder.EclipseLogger - Using 'UTF-8' encoding to copy filtered resources.
2024-01-17 15:10:12,636 [Worker-23] INFO  o.e.m.c.i.embedder.EclipseLogger - Using 'UTF-8' encoding to copy filtered properties files.
2024-01-17 15:10:12,636 [Worker-23] INFO  o.e.m.c.i.embedder.EclipseLogger - skip non existing resourceDirectory C:\fsd56\Springboot\product\src\test\resources
2024-01-17 16:15:12,631 [Worker-51] INFO  o.e.m.c.i.embedder.EclipseLogger - Using 'UTF-8' encoding to copy filtered resources.
2024-01-17 16:15:12,631 [Worker-51] INFO  o.e.m.c.i.embedder.EclipseLogger - Using 'UTF-8' encoding to copy filtered properties files.
2024-01-17 16:15:12,633 [Worker-51] INFO  o.e.m.c.i.embedder.EclipseLogger - Copying 1 resource
2024-01-17 16:15:12,658 [Worker-51] INFO  o.e.m.c.i.embedder.EclipseLogger - Copying 0 resource
2024-01-17 16:15:12,662 [Worker-51] INFO  o.e.m.c.i.embedder.EclipseLogger - Using 'UTF-8' encoding to copy filtered resources.
2024-01-17 16:15:12,662 [Worker-51] INFO  o.e.m.c.i.embedder.EclipseLogger - Using 'UTF-8' encoding to copy filtered properties files.
2024-01-17 16:15:12,662 [Worker-51] INFO  o.e.m.c.i.embedder.EclipseLogger - skip non existing resourceDirectory C:\fsd56\Springboot\product\src\test\resources
2024-01-17 16:16:58,514 [Worker-49] INFO  o.e.m.c.i.l.LifecycleMappingFactory - Using org.eclipse.m2e.jdt.JarLifecycleMapping lifecycle mapping for MavenProject: com.ts:product:0.0.1-SNAPSHOT @ C:\fsd56\Springboot\product\pom.xml.
2024-01-17 16:17:00,293 [Worker-49] INFO  o.e.m.c.i.embedder.EclipseLogger - Using 'UTF-8' encoding to copy filtered resources.
2024-01-17 16:17:00,293 [Worker-49] INFO  o.e.m.c.i.embedder.EclipseLogger - Using 'UTF-8' encoding to copy filtered properties files.
2024-01-17 16:17:00,295 [Worker-49] INFO  o.e.m.c.i.embedder.EclipseLogger - Copying 0 resource
2024-01-17 16:17:00,295 [Worker-49] INFO  o.e.m.c.i.embedder.EclipseLogger - Copying 0 resource
2024-01-17 16:17:00,297 [Worker-49] INFO  o.e.m.c.i.embedder.EclipseLogger - Using 'UTF-8' encoding to copy filtered resources.
2024-01-17 16:17:00,297 [Worker-49] INFO  o.e.m.c.i.embedder.EclipseLogger - Using 'UTF-8' encoding to copy filtered properties files.
2024-01-17 16:17:00,298 [Worker-49] INFO  o.e.m.c.i.embedder.EclipseLogger - skip non existing resourceDirectory C:\fsd56\Springboot\product\src\test\resources
2024-01-17 16:17:02,132 [Worker-50] INFO  o.e.m.c.i.embedder.EclipseLogger - Using 'UTF-8' encoding to copy filtered resources.
2024-01-17 16:17:02,132 [Worker-50] INFO  o.e.m.c.i.embedder.EclipseLogger - Using 'UTF-8' encoding to copy filtered properties files.
2024-01-17 16:17:02,133 [Worker-50] INFO  o.e.m.c.i.embedder.EclipseLogger - Copying 1 resource
2024-01-17 16:17:02,156 [Worker-50] INFO  o.e.m.c.i.embedder.EclipseLogger - Copying 0 resource
2024-01-17 16:17:02,158 [Worker-50] INFO  o.e.m.c.i.embedder.EclipseLogger - Using 'UTF-8' encoding to copy filtered resources.
2024-01-17 16:17:02,158 [Worker-50] INFO  o.e.m.c.i.embedder.EclipseLogger - Using 'UTF-8' encoding to copy filtered properties files.
2024-01-17 16:17:02,158 [Worker-50] INFO  o.e.m.c.i.embedder.EclipseLogger - skip non existing resourceDirectory C:\fsd56\Springboot\product\src\test\resources
2024-01-17 16:23:36,256 [Worker-50] INFO  o.e.m.c.i.embedder.EclipseLogger - Using 'UTF-8' encoding to copy filtered resources.
2024-01-17 16:23:36,256 [Worker-50] INFO  o.e.m.c.i.embedder.EclipseLogger - Using 'UTF-8' encoding to copy filtered properties files.
2024-01-17 16:23:36,257 [Worker-50] INFO  o.e.m.c.i.embedder.EclipseLogger - Copying 1 resource
2024-01-17 16:23:36,281 [Worker-50] INFO  o.e.m.c.i.embedder.EclipseLogger - Copying 0 resource
2024-01-17 16:23:36,284 [Worker-50] INFO  o.e.m.c.i.embedder.EclipseLogger - Using 'UTF-8' encoding to copy filtered resources.
2024-01-17 16:23:36,285 [Worker-50] INFO  o.e.m.c.i.embedder.EclipseLogger - Using 'UTF-8' encoding to copy filtered properties files.
2024-01-17 16:23:36,285 [Worker-50] INFO  o.e.m.c.i.embedder.EclipseLogger - skip non existing resourceDirectory C:\fsd56\Springboot\product\src\test\resources
2024-01-17 16:23:39,775 [Worker-35] INFO  o.e.m.c.i.embedder.EclipseLogger - Using 'UTF-8' encoding to copy filtered resources.
2024-01-17 16:23:39,776 [Worker-35] INFO  o.e.m.c.i.embedder.EclipseLogger - Using 'UTF-8' encoding to copy filtered properties files.
2024-01-17 16:23:39,776 [Worker-35] INFO  o.e.m.c.i.embedder.EclipseLogger - Copying 1 resource
2024-01-17 16:23:39,782 [Worker-35] INFO  o.e.m.c.i.embedder.EclipseLogger - Copying 0 resource
2024-01-17 16:23:39,784 [Worker-35] INFO  o.e.m.c.i.embedder.EclipseLogger - Using 'UTF-8' encoding to copy filtered resources.
2024-01-17 16:23:39,784 [Worker-35] INFO  o.e.m.c.i.embedder.EclipseLogger - Using 'UTF-8' encoding to copy filtered properties files.
2024-01-17 16:23:39,784 [Worker-35] INFO  o.e.m.c.i.embedder.EclipseLogger - skip non existing resourceDirectory C:\fsd56\Springboot\product\src\test\resources
2024-01-17 16:45:59,230 [Worker-60] INFO  o.e.m.c.i.embedder.EclipseLogger - Using 'UTF-8' encoding to copy filtered resources.
2024-01-17 16:45:59,230 [Worker-60] INFO  o.e.m.c.i.embedder.EclipseLogger - Using 'UTF-8' encoding to copy filtered properties files.
2024-01-17 16:45:59,232 [Worker-60] INFO  o.e.m.c.i.embedder.EclipseLogger - Copying 1 resource
2024-01-17 16:45:59,256 [Worker-60] INFO  o.e.m.c.i.embedder.EclipseLogger - Copying 0 resource
2024-01-17 16:45:59,258 [Worker-60] INFO  o.e.m.c.i.embedder.EclipseLogger - Using 'UTF-8' encoding to copy filtered resources.
2024-01-17 16:45:59,259 [Worker-60] INFO  o.e.m.c.i.embedder.EclipseLogger - Using 'UTF-8' encoding to copy filtered properties files.
2024-01-17 16:45:59,259 [Worker-60] INFO  o.e.m.c.i.embedder.EclipseLogger - skip non existing resourceDirectory C:\fsd56\Springboot\product\src\test\resources
2024-01-17 16:46:22,672 [Worker-58] INFO  o.e.m.c.i.embedder.EclipseLogger - Using 'UTF-8' encoding to copy filtered resources.
2024-01-17 16:46:22,672 [Worker-58] INFO  o.e.m.c.i.embedder.EclipseLogger - Using 'UTF-8' encoding to copy filtered properties files.
2024-01-17 16:46:22,673 [Worker-58] INFO  o.e.m.c.i.embedder.EclipseLogger - Copying 1 resource
2024-01-17 16:46:22,690 [Worker-58] INFO  o.e.m.c.i.embedder.EclipseLogger - Copying 0 resource
2024-01-17 16:46:22,691 [Worker-58] INFO  o.e.m.c.i.embedder.EclipseLogger - Using 'UTF-8' encoding to copy filtered resources.
2024-01-17 16:46:22,692 [Worker-58] INFO  o.e.m.c.i.embedder.EclipseLogger - Using 'UTF-8' encoding to copy filtered properties files.
2024-01-17 16:46:22,692 [Worker-58] INFO  o.e.m.c.i.embedder.EclipseLogger - skip non existing resourceDirectory C:\fsd56\Springboot\product\src\test\resources
2024-01-17 17:01:28,012 [Worker-64] INFO  o.e.m.c.i.embedder.EclipseLogger - Using 'UTF-8' encoding to copy filtered resources.
2024-01-17 17:01:28,013 [Worker-64] INFO  o.e.m.c.i.embedder.EclipseLogger - Using 'UTF-8' encoding to copy filtered properties files.
2024-01-17 17:01:28,014 [Worker-64] INFO  o.e.m.c.i.embedder.EclipseLogger - Copying 1 resource
2024-01-17 17:01:28,056 [Worker-64] INFO  o.e.m.c.i.embedder.EclipseLogger - Copying 0 resource
2024-01-17 17:01:28,059 [Worker-64] INFO  o.e.m.c.i.embedder.EclipseLogger - Using 'UTF-8' encoding to copy filtered resources.
2024-01-17 17:01:28,059 [Worker-64] INFO  o.e.m.c.i.embedder.EclipseLogger - Using 'UTF-8' encoding to copy filtered properties files.
2024-01-17 17:01:28,060 [Worker-64] INFO  o.e.m.c.i.embedder.EclipseLogger - skip non existing resourceDirectory C:\fsd56\Springboot\product\src\test\resources
2024-01-17 17:03:07,619 [Worker-64] INFO  o.e.m.c.i.embedder.EclipseLogger - Using 'UTF-8' encoding to copy filtered resources.
2024-01-17 17:03:07,619 [Worker-64] INFO  o.e.m.c.i.embedder.EclipseLogger - Using 'UTF-8' encoding to copy filtered properties files.
2024-01-17 17:03:07,621 [Worker-64] INFO  o.e.m.c.i.embedder.EclipseLogger - Copying 1 resource
2024-01-17 17:03:07,643 [Worker-64] INFO  o.e.m.c.i.embedder.EclipseLogger - Copying 0 resource
2024-01-17 17:03:07,646 [Worker-64] INFO  o.e.m.c.i.embedder.EclipseLogger - Using 'UTF-8' encoding to copy filtered resources.
2024-01-17 17:03:07,646 [Worker-64] INFO  o.e.m.c.i.embedder.EclipseLogger - Using 'UTF-8' encoding to copy filtered properties files.
2024-01-17 17:03:07,646 [Worker-64] INFO  o.e.m.c.i.embedder.EclipseLogger - skip non existing resourceDirectory C:\fsd56\Springboot\product\src\test\resources
2024-01-17 17:19:34,454 [Worker-72] INFO  o.e.m.c.i.embedder.EclipseLogger - Using 'UTF-8' encoding to copy filtered resources.
2024-01-17 17:19:34,455 [Worker-72] INFO  o.e.m.c.i.embedder.EclipseLogger - Using 'UTF-8' encoding to copy filtered properties files.
2024-01-17 17:19:34,455 [Worker-72] INFO  o.e.m.c.i.embedder.EclipseLogger - Copying 1 resource
2024-01-17 17:19:34,490 [Worker-72] INFO  o.e.m.c.i.embedder.EclipseLogger - Copying 0 resource
2024-01-17 17:19:34,493 [Worker-72] INFO  o.e.m.c.i.embedder.EclipseLogger - Using 'UTF-8' encoding to copy filtered resources.
2024-01-17 17:19:34,493 [Worker-72] INFO  o.e.m.c.i.embedder.EclipseLogger - Using 'UTF-8' encoding to copy filtered properties files.
2024-01-17 17:19:34,493 [Worker-72] INFO  o.e.m.c.i.embedder.EclipseLogger - skip non existing resourceDirectory C:\fsd56\Springboot\product\src\test\resources
2024-01-17 17:19:40,344 [Worker-68] INFO  o.e.m.c.i.embedder.EclipseLogger - Using 'UTF-8' encoding to copy filtered resources.
2024-01-17 17:19:40,344 [Worker-68] INFO  o.e.m.c.i.embedder.EclipseLogger - Using 'UTF-8' encoding to copy filtered properties files.
2024-01-17 17:19:40,345 [Worker-68] INFO  o.e.m.c.i.embedder.EclipseLogger - Copying 1 resource
2024-01-17 17:19:40,354 [Worker-68] INFO  o.e.m.c.i.embedder.EclipseLogger - Copying 0 resource
2024-01-17 17:19:40,355 [Worker-68] INFO  o.e.m.c.i.embedder.EclipseLogger - Using 'UTF-8' encoding to copy filtered resources.
2024-01-17 17:19:40,355 [Worker-68] INFO  o.e.m.c.i.embedder.EclipseLogger - Using 'UTF-8' encoding to copy filtered properties files.
2024-01-17 17:19:40,355 [Worker-68] INFO  o.e.m.c.i.embedder.EclipseLogger - skip non existing resourceDirectory C:\fsd56\Springboot\product\src\test\resources
2024-01-17 17:19:44,286 [Worker-64] INFO  o.e.m.c.i.embedder.EclipseLogger - Using 'UTF-8' encoding to copy filtered resources.
2024-01-17 17:19:44,286 [Worker-64] INFO  o.e.m.c.i.embedder.EclipseLogger - Using 'UTF-8' encoding to copy filtered properties files.
2024-01-17 17:19:44,287 [Worker-64] INFO  o.e.m.c.i.embedder.EclipseLogger - Copying 1 resource
2024-01-17 17:19:44,295 [Worker-64] INFO  o.e.m.c.i.embedder.EclipseLogger - Copying 0 resource
2024-01-17 17:19:44,296 [Worker-64] INFO  o.e.m.c.i.embedder.EclipseLogger - Using 'UTF-8' encoding to copy filtered resources.
2024-01-17 17:19:44,296 [Worker-64] INFO  o.e.m.c.i.embedder.EclipseLogger - Using 'UTF-8' encoding to copy filtered properties files.
2024-01-17 17:19:44,296 [Worker-64] INFO  o.e.m.c.i.embedder.EclipseLogger - skip non existing resourceDirectory C:\fsd56\Springboot\product\src\test\resources
2024-01-17 17:20:46,613 [Worker-68] INFO  o.e.m.c.i.embedder.EclipseLogger - Using 'UTF-8' encoding to copy filtered resources.
2024-01-17 17:20:46,613 [Worker-68] INFO  o.e.m.c.i.embedder.EclipseLogger - Using 'UTF-8' encoding to copy filtered properties files.
2024-01-17 17:20:46,614 [Worker-68] INFO  o.e.m.c.i.embedder.EclipseLogger - Copying 1 resource
2024-01-17 17:20:46,627 [Worker-68] INFO  o.e.m.c.i.embedder.EclipseLogger - Copying 0 resource
2024-01-17 17:20:46,629 [Worker-68] INFO  o.e.m.c.i.embedder.EclipseLogger - Using 'UTF-8' encoding to copy filtered resources.
2024-01-17 17:20:46,629 [Worker-68] INFO  o.e.m.c.i.embedder.EclipseLogger - Using 'UTF-8' encoding to copy filtered properties files.
2024-01-17 17:20:46,629 [Worker-68] INFO  o.e.m.c.i.embedder.EclipseLogger - skip non existing resourceDirectory C:\fsd56\Springboot\product\src\test\resources
2024-01-17 17:32:20,942 [Worker-79] INFO  o.e.m.c.i.embedder.EclipseLogger - Using 'UTF-8' encoding to copy filtered resources.
2024-01-17 17:32:20,942 [Worker-79] INFO  o.e.m.c.i.embedder.EclipseLogger - Using 'UTF-8' encoding to copy filtered properties files.
2024-01-17 17:32:20,943 [Worker-79] INFO  o.e.m.c.i.embedder.EclipseLogger - Copying 1 resource
2024-01-17 17:32:20,955 [Worker-79] INFO  o.e.m.c.i.embedder.EclipseLogger - Copying 0 resource
2024-01-17 17:32:20,956 [Worker-79] INFO  o.e.m.c.i.embedder.EclipseLogger - Using 'UTF-8' encoding to copy filtered resources.
2024-01-17 17:32:20,956 [Worker-79] INFO  o.e.m.c.i.embedder.EclipseLogger - Using 'UTF-8' encoding to copy filtered properties files.
2024-01-17 17:32:20,956 [Worker-79] INFO  o.e.m.c.i.embedder.EclipseLogger - skip non existing resourceDirectory C:\fsd56\Springboot\product\src\test\resources
2024-01-17 17:32:26,322 [Worker-78] INFO  o.e.m.c.i.embedder.EclipseLogger - Using 'UTF-8' encoding to copy filtered resources.
2024-01-17 17:32:26,322 [Worker-78] INFO  o.e.m.c.i.embedder.EclipseLogger - Using 'UTF-8' encoding to copy filtered properties files.
2024-01-17 17:32:26,323 [Worker-78] INFO  o.e.m.c.i.embedder.EclipseLogger - Copying 1 resource
2024-01-17 17:32:26,353 [Worker-78] INFO  o.e.m.c.i.embedder.EclipseLogger - Copying 0 resource
2024-01-17 17:32:26,356 [Worker-78] INFO  o.e.m.c.i.embedder.EclipseLogger - Using 'UTF-8' encoding to copy filtered resources.
2024-01-17 17:32:26,356 [Worker-78] INFO  o.e.m.c.i.embedder.EclipseLogger - Using 'UTF-8' encoding to copy filtered properties files.
2024-01-17 17:32:26,357 [Worker-78] INFO  o.e.m.c.i.embedder.EclipseLogger - skip non existing resourceDirectory C:\fsd56\Springboot\product\src\test\resources
2024-01-18 10:38:56,869 [Worker-23] INFO  o.e.m.c.i.embedder.EclipseLogger - Using 'UTF-8' encoding to copy filtered resources.
2024-01-18 10:38:56,871 [Worker-23] INFO  o.e.m.c.i.embedder.EclipseLogger - Using 'UTF-8' encoding to copy filtered properties files.
2024-01-18 10:38:56,874 [Worker-23] INFO  o.e.m.c.i.embedder.EclipseLogger - Copying 1 resource
2024-01-18 10:38:56,894 [Worker-23] INFO  o.e.m.c.i.embedder.EclipseLogger - Copying 0 resource
2024-01-18 10:38:56,897 [Worker-23] INFO  o.e.m.c.i.embedder.EclipseLogger - Using 'UTF-8' encoding to copy filtered resources.
2024-01-18 10:38:56,897 [Worker-23] INFO  o.e.m.c.i.embedder.EclipseLogger - Using 'UTF-8' encoding to copy filtered properties files.
2024-01-18 10:38:56,897 [Worker-23] INFO  o.e.m.c.i.embedder.EclipseLogger - skip non existing resourceDirectory C:\fsd56\Springboot\product\src\test\resources
2024-01-18 11:58:28,565 [Worker-46] INFO  o.e.m.c.i.embedder.EclipseLogger - Using 'UTF-8' encoding to copy filtered resources.
2024-01-18 11:58:28,565 [Worker-46] INFO  o.e.m.c.i.embedder.EclipseLogger - Using 'UTF-8' encoding to copy filtered properties files.
2024-01-18 11:58:28,569 [Worker-46] INFO  o.e.m.c.i.embedder.EclipseLogger - Copying 1 resource
2024-01-18 11:58:28,652 [Worker-46] INFO  o.e.m.c.i.embedder.EclipseLogger - Copying 0 resource
2024-01-18 11:58:28,655 [Worker-46] INFO  o.e.m.c.i.embedder.EclipseLogger - Using 'UTF-8' encoding to copy filtered resources.
2024-01-18 11:58:28,656 [Worker-46] INFO  o.e.m.c.i.embedder.EclipseLogger - Using 'UTF-8' encoding to copy filtered properties files.
2024-01-18 11:58:28,656 [Worker-46] INFO  o.e.m.c.i.embedder.EclipseLogger - skip non existing resourceDirectory C:\fsd56\Springboot\product\src\test\resources
2024-01-18 11:58:29,907 [Worker-47] INFO  o.e.m.c.i.embedder.EclipseLogger - Using 'UTF-8' encoding to copy filtered resources.
2024-01-18 11:58:29,909 [Worker-47] INFO  o.e.m.c.i.embedder.EclipseLogger - Using 'UTF-8' encoding to copy filtered properties files.
2024-01-18 11:58:29,910 [Worker-47] INFO  o.e.m.c.i.embedder.EclipseLogger - Copying 1 resource
2024-01-18 11:58:29,931 [Worker-47] INFO  o.e.m.c.i.embedder.EclipseLogger - Copying 0 resource
2024-01-18 11:58:29,934 [Worker-47] INFO  o.e.m.c.i.embedder.EclipseLogger - Using 'UTF-8' encoding to copy filtered resources.
2024-01-18 11:58:29,934 [Worker-47] INFO  o.e.m.c.i.embedder.EclipseLogger - Using 'UTF-8' encoding to copy filtered properties files.
2024-01-18 11:58:29,934 [Worker-47] INFO  o.e.m.c.i.embedder.EclipseLogger - skip non existing resourceDirectory C:\fsd56\Springboot\product\src\test\resources
2024-01-18 12:11:12,182 [Worker-44] INFO  o.e.m.c.i.embedder.EclipseLogger - Using 'UTF-8' encoding to copy filtered resources.
2024-01-18 12:11:12,182 [Worker-44] INFO  o.e.m.c.i.embedder.EclipseLogger - Using 'UTF-8' encoding to copy filtered properties files.
2024-01-18 12:11:12,183 [Worker-44] INFO  o.e.m.c.i.embedder.EclipseLogger - Copying 1 resource
2024-01-18 12:11:12,243 [Worker-44] INFO  o.e.m.c.i.embedder.EclipseLogger - Copying 0 resource
2024-01-18 12:11:12,269 [Worker-44] INFO  o.e.m.c.i.embedder.EclipseLogger - Using 'UTF-8' encoding to copy filtered resources.
2024-01-18 12:11:12,269 [Worker-44] INFO  o.e.m.c.i.embedder.EclipseLogger - Using 'UTF-8' encoding to copy filtered properties files.
2024-01-18 12:11:12,269 [Worker-44] INFO  o.e.m.c.i.embedder.EclipseLogger - skip non existing resourceDirectory C:\fsd56\Springboot\product\src\test\resources
2024-01-18 12:12:19,261 [Worker-52] INFO  o.e.m.c.i.embedder.EclipseLogger - Using 'UTF-8' encoding to copy filtered resources.
2024-01-18 12:12:19,261 [Worker-52] INFO  o.e.m.c.i.embedder.EclipseLogger - Using 'UTF-8' encoding to copy filtered properties files.
2024-01-18 12:12:19,262 [Worker-52] INFO  o.e.m.c.i.embedder.EclipseLogger - Copying 1 resource
2024-01-18 12:12:19,276 [Worker-52] INFO  o.e.m.c.i.embedder.EclipseLogger - Copying 0 resource
2024-01-18 12:12:19,280 [Worker-52] INFO  o.e.m.c.i.embedder.EclipseLogger - Using 'UTF-8' encoding to copy filtered resources.
2024-01-18 12:12:19,280 [Worker-52] INFO  o.e.m.c.i.embedder.EclipseLogger - Using 'UTF-8' encoding to copy filtered properties files.
2024-01-18 12:12:19,280 [Worker-52] INFO  o.e.m.c.i.embedder.EclipseLogger - skip non existing resourceDirectory C:\fsd56\Springboot\product\src\test\resources
2024-01-18 12:12:27,089 [Worker-50] INFO  o.e.m.c.i.embedder.EclipseLogger - Using 'UTF-8' encoding to copy filtered resources.
2024-01-18 12:12:27,089 [Worker-50] INFO  o.e.m.c.i.embedder.EclipseLogger - Using 'UTF-8' encoding to copy filtered properties files.
2024-01-18 12:12:27,090 [Worker-50] INFO  o.e.m.c.i.embedder.EclipseLogger - Copying 1 resource
2024-01-18 12:12:27,115 [Worker-50] INFO  o.e.m.c.i.embedder.EclipseLogger - Copying 0 resource
2024-01-18 12:12:27,118 [Worker-50] INFO  o.e.m.c.i.embedder.EclipseLogger - Using 'UTF-8' encoding to copy filtered resources.
2024-01-18 12:12:27,119 [Worker-50] INFO  o.e.m.c.i.embedder.EclipseLogger - Using 'UTF-8' encoding to copy filtered properties files.
2024-01-18 12:12:27,119 [Worker-50] INFO  o.e.m.c.i.embedder.EclipseLogger - skip non existing resourceDirectory C:\fsd56\Springboot\product\src\test\resources
2024-01-18 12:35:43,208 [Worker-62] INFO  o.e.m.c.i.embedder.EclipseLogger - Using 'UTF-8' encoding to copy filtered resources.
2024-01-18 12:35:43,208 [Worker-62] INFO  o.e.m.c.i.embedder.EclipseLogger - Using 'UTF-8' encoding to copy filtered properties files.
2024-01-18 12:35:43,209 [Worker-62] INFO  o.e.m.c.i.embedder.EclipseLogger - Copying 1 resource
2024-01-18 12:35:43,251 [Worker-62] INFO  o.e.m.c.i.embedder.EclipseLogger - Copying 0 resource
2024-01-18 12:35:43,254 [Worker-62] INFO  o.e.m.c.i.embedder.EclipseLogger - Using 'UTF-8' encoding to copy filtered resources.
2024-01-18 12:35:43,254 [Worker-62] INFO  o.e.m.c.i.embedder.EclipseLogger - Using 'UTF-8' encoding to copy filtered properties files.
2024-01-18 12:35:43,254 [Worker-62] INFO  o.e.m.c.i.embedder.EclipseLogger - skip non existing resourceDirectory C:\fsd56\Springboot\product\src\test\resources
2024-01-18 12:35:47,468 [Worker-62] INFO  o.e.m.c.i.embedder.EclipseLogger - Using 'UTF-8' encoding to copy filtered resources.
2024-01-18 12:35:47,468 [Worker-62] INFO  o.e.m.c.i.embedder.EclipseLogger - Using 'UTF-8' encoding to copy filtered properties files.
2024-01-18 12:35:47,469 [Worker-62] INFO  o.e.m.c.i.embedder.EclipseLogger - Copying 1 resource
2024-01-18 12:35:47,508 [Worker-62] INFO  o.e.m.c.i.embedder.EclipseLogger - Copying 0 resource
2024-01-18 12:35:47,522 [Worker-62] INFO  o.e.m.c.i.embedder.EclipseLogger - Using 'UTF-8' encoding to copy filtered resources.
2024-01-18 12:35:47,522 [Worker-62] INFO  o.e.m.c.i.embedder.EclipseLogger - Using 'UTF-8' encoding to copy filtered properties files.
2024-01-18 12:35:47,522 [Worker-62] INFO  o.e.m.c.i.embedder.EclipseLogger - skip non existing resourceDirectory C:\fsd56\Springboot\product\src\test\resources
2024-01-18 12:50:13,911 [Worker-66] INFO  o.e.m.c.i.embedder.EclipseLogger - Using 'UTF-8' encoding to copy filtered resources.
2024-01-18 12:50:13,911 [Worker-66] INFO  o.e.m.c.i.embedder.EclipseLogger - Using 'UTF-8' encoding to copy filtered properties files.
2024-01-18 12:50:13,912 [Worker-66] INFO  o.e.m.c.i.embedder.EclipseLogger - Copying 1 resource
2024-01-18 12:50:13,931 [Worker-66] INFO  o.e.m.c.i.embedder.EclipseLogger - Copying 0 resource
2024-01-18 12:50:13,935 [Worker-66] INFO  o.e.m.c.i.embedder.EclipseLogger - Using 'UTF-8' encoding to copy filtered resources.
2024-01-18 12:50:13,935 [Worker-66] INFO  o.e.m.c.i.embedder.EclipseLogger - Using 'UTF-8' encoding to copy filtered properties files.
2024-01-18 12:50:13,935 [Worker-66] INFO  o.e.m.c.i.embedder.EclipseLogger - skip non existing resourceDirectory C:\fsd56\Springboot\product\src\test\resources
2024-01-18 12:56:22,490 [Worker-60] INFO  o.e.m.c.i.embedder.EclipseLogger - Using 'UTF-8' encoding to copy filtered resources.
2024-01-18 12:56:22,490 [Worker-60] INFO  o.e.m.c.i.embedder.EclipseLogger - Using 'UTF-8' encoding to copy filtered properties files.
2024-01-18 12:56:22,491 [Worker-60] INFO  o.e.m.c.i.embedder.EclipseLogger - Copying 1 resource
2024-01-18 12:56:22,514 [Worker-60] INFO  o.e.m.c.i.embedder.EclipseLogger - Copying 0 resource
2024-01-18 12:56:22,516 [Worker-60] INFO  o.e.m.c.i.embedder.EclipseLogger - Using 'UTF-8' encoding to copy filtered resources.
2024-01-18 12:56:22,516 [Worker-60] INFO  o.e.m.c.i.embedder.EclipseLogger - Using 'UTF-8' encoding to copy filtered properties files.
2024-01-18 12:56:22,516 [Worker-60] INFO  o.e.m.c.i.embedder.EclipseLogger - skip non existing resourceDirectory C:\fsd56\Springboot\product\src\test\resources
2024-01-18 13:07:57,725 [Worker-84] INFO  o.e.m.c.i.embedder.EclipseLogger - Using 'UTF-8' encoding to copy filtered resources.
2024-01-18 13:07:57,725 [Worker-84] INFO  o.e.m.c.i.embedder.EclipseLogger - Using 'UTF-8' encoding to copy filtered properties files.
2024-01-18 13:07:57,726 [Worker-84] INFO  o.e.m.c.i.embedder.EclipseLogger - Copying 1 resource
2024-01-18 13:07:57,750 [Worker-84] INFO  o.e.m.c.i.embedder.EclipseLogger - Copying 0 resource
2024-01-18 13:07:57,752 [Worker-84] INFO  o.e.m.c.i.embedder.EclipseLogger - Using 'UTF-8' encoding to copy filtered resources.
2024-01-18 13:07:57,752 [Worker-84] INFO  o.e.m.c.i.embedder.EclipseLogger - Using 'UTF-8' encoding to copy filtered properties files.
2024-01-18 13:07:57,752 [Worker-84] INFO  o.e.m.c.i.embedder.EclipseLogger - skip non existing resourceDirectory C:\fsd56\Springboot\product\src\test\resources
2024-01-18 13:13:01,963 [Worker-88] INFO  o.e.m.c.i.embedder.EclipseLogger - Using 'UTF-8' encoding to copy filtered resources.
2024-01-18 13:13:01,963 [Worker-88] INFO  o.e.m.c.i.embedder.EclipseLogger - Using 'UTF-8' encoding to copy filtered properties files.
2024-01-18 13:13:01,963 [Worker-88] INFO  o.e.m.c.i.embedder.EclipseLogger - Copying 1 resource
2024-01-18 13:13:01,998 [Worker-88] INFO  o.e.m.c.i.embedder.EclipseLogger - Copying 0 resource
2024-01-18 13:13:02,000 [Worker-88] INFO  o.e.m.c.i.embedder.EclipseLogger - Using 'UTF-8' encoding to copy filtered resources.
2024-01-18 13:13:02,000 [Worker-88] INFO  o.e.m.c.i.embedder.EclipseLogger - Using 'UTF-8' encoding to copy filtered properties files.
2024-01-18 13:13:02,000 [Worker-88] INFO  o.e.m.c.i.embedder.EclipseLogger - skip non existing resourceDirectory C:\fsd56\Springboot\product\src\test\resources
2024-01-18 13:13:04,443 [Worker-89] INFO  o.e.m.c.i.embedder.EclipseLogger - Using 'UTF-8' encoding to copy filtered resources.
2024-01-18 13:13:04,443 [Worker-89] INFO  o.e.m.c.i.embedder.EclipseLogger - Using 'UTF-8' encoding to copy filtered properties files.
2024-01-18 13:13:04,444 [Worker-89] INFO  o.e.m.c.i.embedder.EclipseLogger - Copying 1 resource
2024-01-18 13:13:04,456 [Worker-89] INFO  o.e.m.c.i.embedder.EclipseLogger - Copying 0 resource
2024-01-18 13:13:04,458 [Worker-89] INFO  o.e.m.c.i.embedder.EclipseLogger - Using 'UTF-8' encoding to copy filtered resources.
2024-01-18 13:13:04,458 [Worker-89] INFO  o.e.m.c.i.embedder.EclipseLogger - Using 'UTF-8' encoding to copy filtered properties files.
2024-01-18 13:13:04,458 [Worker-89] INFO  o.e.m.c.i.embedder.EclipseLogger - skip non existing resourceDirectory C:\fsd56\Springboot\product\src\test\resources
2024-01-18 13:13:19,241 [Worker-88] INFO  o.e.m.c.i.embedder.EclipseLogger - Using 'UTF-8' encoding to copy filtered resources.
2024-01-18 13:13:19,241 [Worker-88] INFO  o.e.m.c.i.embedder.EclipseLogger - Using 'UTF-8' encoding to copy filtered properties files.
2024-01-18 13:13:19,242 [Worker-88] INFO  o.e.m.c.i.embedder.EclipseLogger - Copying 1 resource
2024-01-18 13:13:19,257 [Worker-88] INFO  o.e.m.c.i.embedder.EclipseLogger - Copying 0 resource
2024-01-18 13:13:19,259 [Worker-88] INFO  o.e.m.c.i.embedder.EclipseLogger - Using 'UTF-8' encoding to copy filtered resources.
2024-01-18 13:13:19,259 [Worker-88] INFO  o.e.m.c.i.embedder.EclipseLogger - Using 'UTF-8' encoding to copy filtered properties files.
2024-01-18 13:13:19,259 [Worker-88] INFO  o.e.m.c.i.embedder.EclipseLogger - skip non existing resourceDirectory C:\fsd56\Springboot\product\src\test\resources
2024-01-18 13:19:46,064 [Worker-93] INFO  o.e.m.c.i.embedder.EclipseLogger - Using 'UTF-8' encoding to copy filtered resources.
2024-01-18 13:19:46,064 [Worker-93] INFO  o.e.m.c.i.embedder.EclipseLogger - Using 'UTF-8' encoding to copy filtered properties files.
2024-01-18 13:19:46,064 [Worker-93] INFO  o.e.m.c.i.embedder.EclipseLogger - Copying 1 resource
2024-01-18 13:19:46,074 [Worker-93] INFO  o.e.m.c.i.embedder.EclipseLogger - Copying 0 resource
2024-01-18 13:19:46,075 [Worker-93] INFO  o.e.m.c.i.embedder.EclipseLogger - Using 'UTF-8' encoding to copy filtered resources.
2024-01-18 13:19:46,075 [Worker-93] INFO  o.e.m.c.i.embedder.EclipseLogger - Using 'UTF-8' encoding to copy filtered properties files.
2024-01-18 13:19:46,076 [Worker-93] INFO  o.e.m.c.i.embedder.EclipseLogger - skip non existing resourceDirectory C:\fsd56\Springboot\product\src\test\resources
2024-01-18 13:19:49,988 [Worker-93] INFO  o.e.m.c.i.embedder.EclipseLogger - Using 'UTF-8' encoding to copy filtered resources.
2024-01-18 13:19:49,989 [Worker-93] INFO  o.e.m.c.i.embedder.EclipseLogger - Using 'UTF-8' encoding to copy filtered properties files.
2024-01-18 13:19:49,990 [Worker-93] INFO  o.e.m.c.i.embedder.EclipseLogger - Copying 1 resource
2024-01-18 13:19:50,017 [Worker-93] INFO  o.e.m.c.i.embedder.EclipseLogger - Copying 0 resource
2024-01-18 13:19:50,019 [Worker-93] INFO  o.e.m.c.i.embedder.EclipseLogger - Using 'UTF-8' encoding to copy filtered resources.
2024-01-18 13:19:50,020 [Worker-93] INFO  o.e.m.c.i.embedder.EclipseLogger - Using 'UTF-8' encoding to copy filtered properties files.
2024-01-18 13:19:50,020 [Worker-93] INFO  o.e.m.c.i.embedder.EclipseLogger - skip non existing resourceDirectory C:\fsd56\Springboot\product\src\test\resources
2024-01-18 13:19:54,787 [Worker-93] INFO  o.e.m.c.i.embedder.EclipseLogger - Using 'UTF-8' encoding to copy filtered resources.
2024-01-18 13:19:54,787 [Worker-93] INFO  o.e.m.c.i.embedder.EclipseLogger - Using 'UTF-8' encoding to copy filtered properties files.
2024-01-18 13:19:54,788 [Worker-93] INFO  o.e.m.c.i.embedder.EclipseLogger - Copying 1 resource
2024-01-18 13:19:54,797 [Worker-93] INFO  o.e.m.c.i.embedder.EclipseLogger - Copying 0 resource
2024-01-18 13:19:54,800 [Worker-93] INFO  o.e.m.c.i.embedder.EclipseLogger - Using 'UTF-8' encoding to copy filtered resources.
2024-01-18 13:19:54,800 [Worker-93] INFO  o.e.m.c.i.embedder.EclipseLogger - Using 'UTF-8' encoding to copy filtered properties files.
2024-01-18 13:19:54,800 [Worker-93] INFO  o.e.m.c.i.embedder.EclipseLogger - skip non existing resourceDirectory C:\fsd56\Springboot\product\src\test\resources
